22:07:17.187 INFO: OpenGL framebuffer created, R=10 G=10 B=10 A=2, D=24 S=8
22:07:17.204 INFO: GLES Vendor: Intel
22:07:17.205 INFO: GLES Renderer: Intel(R) HD Graphics 530
22:07:17.205 INFO: GLES Version: 4.6.0 - Build 31.0.101.2111
22:07:17.833 INFO: Survivalcraft starting up at 07/24/2023 22:07:17, Version=2.2.40.0, BuildConfiguration=Release, Platform=Android, Storage.AvailableFreeSpace=48913MB, ApproximateScreenDpi=96.0, ApproxScreenInches=22.9, ScreenResolution=1080,780, ProcessorsCount=8, RAM=14MB, 64bit=True
22:07:17.958 ERROR: Loading settings failed.
Name cannot begin with the '<' character, hexadecimal value 0x3C. Line 40, position 2.
   at System.Xml.XmlTextReaderImpl.ParseQName(Boolean isQName, Int32 startOffset, Int32& colonPos)
   at System.Xml.XmlTextReaderImpl.ParseElement()
   at System.Xml.XmlTextReaderImpl.ParseElementContent()
   at System.Xml.Linq.XContainer.ReadContentFrom(XmlReader r)
   at System.Xml.Linq.XElement.ReadElementFrom(XmlReader r, LoadOptions o)
   at System.Xml.Linq.XElement.Load(XmlReader reader, LoadOptions options)
   at XmlUtilities.XmlUtils.LoadXmlFromTextReader(TextReader textReader, Boolean throwOnError)
   at XmlUtilities.XmlUtils.LoadXmlFromStream(Stream stream, Encoding encoding, Boolean throwOnError)
   at Game.SettingsManager.LoadSettings() in D:\VisualStudioCode\VSCodeSurvivalCraft2\GameMain\Game\Main\Managers\SettingsManager.cs:line 502
22:07:17.988 INFO: Mods manager initialize success
22:07:17.988 INFO: Loaded 0 dlls;0 dlls not loaded
22:07:18.084 INFO: Downloading MOTD
22:07:18.418 INFO: Downloading MOTD
22:07:19.215 INFO: Downloaded MOTD
22:07:19.215 INFO: Downloaded MOTD
22:07:36.805 INFO: Loaded world, GameMode=Creative, StartingPosition=Easy, WorldName=Zoch, VisibilityRange=64, Resolution=High
22:07:55.829 INFO: Saved settings
